<?xml version="1.0" encoding="UTF-8"?>
<!-- Generated by org.testng.reporters.JUnitReportReporter -->
<testsuite skipped="0" hostname="DESKTOP-5E4DV9G" name="TS_Profile.TC_Profile_test_01" tests="1" failures="0" timestamp="25 Feb 2019 06:06:43 GMT" time="0.448" errors="0">
  <testcase name="profile_sample_test01" time="0.448" classname="TS_Profile.TC_Profile_test_01"/>
</testsuite> <!-- TS_Profile.TC_Profile_test_01 -->
