<?xml version="1.0" encoding="UTF-8"?>
<!-- Generated by org.testng.reporters.JUnitReportReporter -->
<testsuite skipped="0" hostname="DESKTOP-5E4DV9G" name="TS_Settings.TC_Settings_test_01" tests="1" failures="0" timestamp="25 Feb 2019 06:06:43 GMT" time="0.454" errors="0">
  <testcase name="settings_sample_test01" time="0.454" classname="TS_Settings.TC_Settings_test_01"/>
</testsuite> <!-- TS_Settings.TC_Settings_test_01 -->
