<?xml version="1.0" encoding="UTF-8"?>
<!-- Generated by org.testng.reporters.JUnitReportReporter -->
<testsuite skipped="0" hostname="DESKTOP-5E4DV9G" name="TS_Mynetwork.TC_Network_test_02" tests="2" failures="0" timestamp="25 Feb 2019 06:03:28 GMT" time="0.898" errors="0">
  <testcase name="network_sample_test02" time="0.463" classname="TS_Mynetwork.TC_Network_test_02"/>
  <testcase name="network_sample_test02" time="0.435" classname="TS_Mynetwork.TC_Network_test_02"/>
</testsuite> <!-- TS_Mynetwork.TC_Network_test_02 -->
