<?xml version="1.0" encoding="UTF-8"?>
<!-- Generated by org.testng.reporters.JUnitReportReporter -->
<testsuite skipped="0" hostname="DESKTOP-5E4DV9G" name="TS_Profile.TC_Profile_test_02" tests="2" failures="0" timestamp="25 Feb 2019 06:03:28 GMT" time="0.849" errors="0">
  <testcase name="profile_sample_test02" time="0.424" classname="TS_Profile.TC_Profile_test_02"/>
  <testcase name="profile_sample_test02" time="0.425" classname="TS_Profile.TC_Profile_test_02"/>
</testsuite> <!-- TS_Profile.TC_Profile_test_02 -->
