<?xml version="1.0" encoding="UTF-8"?>
<!-- Generated by org.testng.reporters.JUnitReportReporter -->
<testsuite skipped="0" hostname="DESKTOP-5E4DV9G" name="TS_Mynetwork.TC_Network_test_01" tests="2" failures="0" timestamp="25 Feb 2019 06:03:28 GMT" time="0.843" errors="0">
  <testcase name="network_sample_test01" time="0.420" classname="TS_Mynetwork.TC_Network_test_01"/>
  <testcase name="network_sample_test01" time="0.423" classname="TS_Mynetwork.TC_Network_test_01"/>
</testsuite> <!-- TS_Mynetwork.TC_Network_test_01 -->
