<?xml version="1.0" encoding="UTF-8"?>
<!-- Generated by org.testng.reporters.JUnitReportReporter -->
<testsuite skipped="0" hostname="DESKTOP-5E4DV9G" name="TS_Profile.TC_Profile_test_01" tests="2" failures="0" timestamp="25 Feb 2019 06:03:28 GMT" time="0.891" errors="0">
  <testcase name="profile_sample_test01" time="0.435" classname="TS_Profile.TC_Profile_test_01"/>
  <testcase name="profile_sample_test01" time="0.456" classname="TS_Profile.TC_Profile_test_01"/>
</testsuite> <!-- TS_Profile.TC_Profile_test_01 -->
